<?xml version="1.0" encoding="UTF-8"?>
<testng-results skipped="0" failed="0" ignored="0" total="1" passed="1">
  <reporter-output>
  </reporter-output>
  <suite name="Default suite" duration-ms="42" started-at="2021-07-10T00:47:43 IST" finished-at="2021-07-10T00:47:43 IST">
    <groups>
    </groups>
    <test name="Default test" duration-ms="42" started-at="2021-07-10T00:47:43 IST" finished-at="2021-07-10T00:47:43 IST">
      <class name="example.NewTest">
        <test-method status="PASS" signature="beforeTest()[pri:0, instance:example.NewTest@6950e31]" name="beforeTest" is-config="true" duration-ms="8" started-at="2021-07-10T00:47:43 IST" finished-at="2021-07-10T00:47:43 IST">
          <reporter-output>
          </reporter-output>
        </test-method> <!-- beforeTest -->
        <test-method status="PASS" signature="beforeClass()[pri:0, instance:example.NewTest@6950e31]" name="beforeClass" is-config="true" duration-ms="0" started-at="2021-07-10T00:47:43 IST" finished-at="2021-07-10T00:47:43 IST">
          <reporter-output>
          </reporter-output>
        </test-method> <!-- beforeClass -->
        <test-method status="PASS" signature="beforeMethod()[pri:0, instance:example.NewTest@6950e31]" name="beforeMethod" is-config="true" duration-ms="0" started-at="2021-07-10T00:47:43 IST" finished-at="2021-07-10T00:47:43 IST">
          <reporter-output>
          </reporter-output>
        </test-method> <!-- beforeMethod -->
        <test-method status="PASS" signature="f()[pri:0, instance:example.NewTest@6950e31]" name="f" duration-ms="3" started-at="2021-07-10T00:47:43 IST" finished-at="2021-07-10T00:47:43 IST">
          <reporter-output>
          </reporter-output>
        </test-method> <!-- f -->
        <test-method status="PASS" signature="afterClass()[pri:0, instance:example.NewTest@6950e31]" name="afterClass" is-config="true" duration-ms="0" started-at="2021-07-10T00:47:43 IST" finished-at="2021-07-10T00:47:43 IST">
          <reporter-output>
          </reporter-output>
        </test-method> <!-- afterClass -->
        <test-method status="PASS" signature="afterMethod()[pri:0, instance:example.NewTest@6950e31]" name="afterMethod" is-config="true" duration-ms="0" started-at="2021-07-10T00:47:43 IST" finished-at="2021-07-10T00:47:43 IST">
          <reporter-output>
          </reporter-output>
        </test-method> <!-- afterMethod -->
        <test-method status="PASS" signature="afterTest()[pri:0, instance:example.NewTest@6950e31]" name="afterTest" is-config="true" duration-ms="0" started-at="2021-07-10T00:47:43 IST" finished-at="2021-07-10T00:47:43 IST">
          <reporter-output>
          </reporter-output>
        </test-method> <!-- afterTest -->
      </class> <!-- example.NewTest -->
    </test> <!-- Default test -->
  </suite> <!-- Default suite -->
</testng-results>
